[2020-07-18 07:10:21.937] [exthost] [info] extension host started
[2020-07-18 07:10:22.322] [exthost] [info] ExtensionService#_doActivateExtension vscode.debug-auto-launch {"startup":true,"extensionId":{"value":"vscode.debug-auto-launch","_lower":"vscode.debug-auto-launch"},"activationEvent":"*"}
[2020-07-18 07:10:22.322] [exthost] [info] ExtensionService#loadCommonJSModule file:///node_modules/code-server/lib/vscode/extensions/debug-auto-launch/dist/extension
[2020-07-18 07:10:22.329] [exthost] [info] ExtensionService#_doActivateExtension vscode.emmet {"startup":true,"extensionId":{"value":"vscode.emmet","_lower":"vscode.emmet"},"activationEvent":"*"}
[2020-07-18 07:10:22.329] [exthost] [info] ExtensionService#loadCommonJSModule file:///node_modules/code-server/lib/vscode/extensions/emmet/dist/extension
[2020-07-18 07:10:22.361] [exthost] [info] ExtensionService#_doActivateExtension vscode.git {"startup":true,"extensionId":{"value":"vscode.git","_lower":"vscode.git"},"activationEvent":"*"}
[2020-07-18 07:10:22.361] [exthost] [info] ExtensionService#loadCommonJSModule file:///node_modules/code-server/lib/vscode/extensions/git/dist/main
[2020-07-18 07:10:22.448] [exthost] [info] ExtensionService#_doActivateExtension vscode.github-authentication {"startup":true,"extensionId":{"value":"vscode.github-authentication","_lower":"vscode.github-authentication"},"activationEvent":"*"}
[2020-07-18 07:10:22.448] [exthost] [info] ExtensionService#loadCommonJSModule file:///node_modules/code-server/lib/vscode/extensions/github-authentication/dist/extension.js
[2020-07-18 07:10:22.462] [exthost] [info] ExtensionService#_doActivateExtension vscode.merge-conflict {"startup":true,"extensionId":{"value":"vscode.merge-conflict","_lower":"vscode.merge-conflict"},"activationEvent":"*"}
[2020-07-18 07:10:22.462] [exthost] [info] ExtensionService#loadCommonJSModule file:///node_modules/code-server/lib/vscode/extensions/merge-conflict/dist/extension
[2020-07-18 07:10:22.466] [exthost] [info] ExtensionService#_doActivateExtension vscode.search-result {"startup":true,"extensionId":{"value":"vscode.search-result","_lower":"vscode.search-result"},"activationEvent":"*"}
[2020-07-18 07:10:22.466] [exthost] [info] ExtensionService#loadCommonJSModule file:///node_modules/code-server/lib/vscode/extensions/search-result/dist/extension.js
[2020-07-18 07:10:22.467] [exthost] [info] ExtensionService#_doActivateExtension vscode.vscode-account {"startup":true,"extensionId":{"value":"vscode.vscode-account","_lower":"vscode.vscode-account"},"activationEvent":"*"}
[2020-07-18 07:10:22.467] [exthost] [info] ExtensionService#loadCommonJSModule file:///node_modules/code-server/lib/vscode/extensions/vscode-account/dist/extension.js
[2020-07-18 07:10:22.482] [exthost] [info] eager extensions activated
[2020-07-18 07:10:52.371] [exthost] [info] extension host started
[2020-07-18 07:10:52.768] [exthost] [info] ExtensionService#_doActivateExtension vscode.debug-auto-launch {"startup":true,"extensionId":{"value":"vscode.debug-auto-launch","_lower":"vscode.debug-auto-launch"},"activationEvent":"*"}
[2020-07-18 07:10:52.768] [exthost] [info] ExtensionService#loadCommonJSModule file:///node_modules/code-server/lib/vscode/extensions/debug-auto-launch/dist/extension
[2020-07-18 07:10:52.774] [exthost] [info] ExtensionService#_doActivateExtension vscode.emmet {"startup":true,"extensionId":{"value":"vscode.emmet","_lower":"vscode.emmet"},"activationEvent":"*"}
[2020-07-18 07:10:52.774] [exthost] [info] ExtensionService#loadCommonJSModule file:///node_modules/code-server/lib/vscode/extensions/emmet/dist/extension
[2020-07-18 07:10:52.802] [exthost] [info] ExtensionService#_doActivateExtension vscode.git {"startup":true,"extensionId":{"value":"vscode.git","_lower":"vscode.git"},"activationEvent":"*"}
[2020-07-18 07:10:52.802] [exthost] [info] ExtensionService#loadCommonJSModule file:///node_modules/code-server/lib/vscode/extensions/git/dist/main
[2020-07-18 07:10:52.858] [exthost] [info] ExtensionService#_doActivateExtension vscode.github-authentication {"startup":true,"extensionId":{"value":"vscode.github-authentication","_lower":"vscode.github-authentication"},"activationEvent":"*"}
[2020-07-18 07:10:52.858] [exthost] [info] ExtensionService#loadCommonJSModule file:///node_modules/code-server/lib/vscode/extensions/github-authentication/dist/extension.js
[2020-07-18 07:10:52.871] [exthost] [info] ExtensionService#_doActivateExtension vscode.merge-conflict {"startup":true,"extensionId":{"value":"vscode.merge-conflict","_lower":"vscode.merge-conflict"},"activationEvent":"*"}
[2020-07-18 07:10:52.872] [exthost] [info] ExtensionService#loadCommonJSModule file:///node_modules/code-server/lib/vscode/extensions/merge-conflict/dist/extension
[2020-07-18 07:10:52.875] [exthost] [info] ExtensionService#_doActivateExtension vscode.search-result {"startup":true,"extensionId":{"value":"vscode.search-result","_lower":"vscode.search-result"},"activationEvent":"*"}
[2020-07-18 07:10:52.875] [exthost] [info] ExtensionService#loadCommonJSModule file:///node_modules/code-server/lib/vscode/extensions/search-result/dist/extension.js
[2020-07-18 07:10:52.877] [exthost] [info] ExtensionService#_doActivateExtension vscode.vscode-account {"startup":true,"extensionId":{"value":"vscode.vscode-account","_lower":"vscode.vscode-account"},"activationEvent":"*"}
[2020-07-18 07:10:52.877] [exthost] [info] ExtensionService#loadCommonJSModule file:///node_modules/code-server/lib/vscode/extensions/vscode-account/dist/extension.js
[2020-07-18 07:10:52.891] [exthost] [info] eager extensions activated
[2020-07-18 07:56:45.012] [exthost] [info] extension host started
[2020-07-18 07:56:45.341] [exthost] [info] ExtensionService#_doActivateExtension vscode.debug-auto-launch {"startup":true,"extensionId":{"value":"vscode.debug-auto-launch","_lower":"vscode.debug-auto-launch"},"activationEvent":"*"}
[2020-07-18 07:56:45.341] [exthost] [info] ExtensionService#loadCommonJSModule file:///node_modules/code-server/lib/vscode/extensions/debug-auto-launch/dist/extension
[2020-07-18 07:56:45.347] [exthost] [info] ExtensionService#_doActivateExtension vscode.emmet {"startup":true,"extensionId":{"value":"vscode.emmet","_lower":"vscode.emmet"},"activationEvent":"*"}
[2020-07-18 07:56:45.347] [exthost] [info] ExtensionService#loadCommonJSModule file:///node_modules/code-server/lib/vscode/extensions/emmet/dist/extension
[2020-07-18 07:56:45.375] [exthost] [info] ExtensionService#_doActivateExtension vscode.git {"startup":true,"extensionId":{"value":"vscode.git","_lower":"vscode.git"},"activationEvent":"*"}
[2020-07-18 07:56:45.375] [exthost] [info] ExtensionService#loadCommonJSModule file:///node_modules/code-server/lib/vscode/extensions/git/dist/main
[2020-07-18 07:56:45.432] [exthost] [info] ExtensionService#_doActivateExtension vscode.github-authentication {"startup":true,"extensionId":{"value":"vscode.github-authentication","_lower":"vscode.github-authentication"},"activationEvent":"*"}
[2020-07-18 07:56:45.432] [exthost] [info] ExtensionService#loadCommonJSModule file:///node_modules/code-server/lib/vscode/extensions/github-authentication/dist/extension.js
[2020-07-18 07:56:45.459] [exthost] [info] ExtensionService#_doActivateExtension vscode.merge-conflict {"startup":true,"extensionId":{"value":"vscode.merge-conflict","_lower":"vscode.merge-conflict"},"activationEvent":"*"}
[2020-07-18 07:56:45.459] [exthost] [info] ExtensionService#loadCommonJSModule file:///node_modules/code-server/lib/vscode/extensions/merge-conflict/dist/extension
[2020-07-18 07:56:45.463] [exthost] [info] ExtensionService#_doActivateExtension vscode.search-result {"startup":true,"extensionId":{"value":"vscode.search-result","_lower":"vscode.search-result"},"activationEvent":"*"}
[2020-07-18 07:56:45.463] [exthost] [info] ExtensionService#loadCommonJSModule file:///node_modules/code-server/lib/vscode/extensions/search-result/dist/extension.js
[2020-07-18 07:56:45.464] [exthost] [info] ExtensionService#_doActivateExtension vscode.vscode-account {"startup":true,"extensionId":{"value":"vscode.vscode-account","_lower":"vscode.vscode-account"},"activationEvent":"*"}
[2020-07-18 07:56:45.464] [exthost] [info] ExtensionService#loadCommonJSModule file:///node_modules/code-server/lib/vscode/extensions/vscode-account/dist/extension.js
[2020-07-18 07:56:45.480] [exthost] [info] eager extensions activated
[2020-07-18 07:57:53.590] [exthost] [info] extension host started
[2020-07-18 07:57:53.858] [exthost] [info] ExtensionService#_doActivateExtension vscode.debug-auto-launch {"startup":true,"extensionId":{"value":"vscode.debug-auto-launch","_lower":"vscode.debug-auto-launch"},"activationEvent":"*"}
[2020-07-18 07:57:53.860] [exthost] [info] ExtensionService#loadCommonJSModule file:///node_modules/code-server/lib/vscode/extensions/debug-auto-launch/dist/extension
[2020-07-18 07:57:53.866] [exthost] [info] ExtensionService#_doActivateExtension vscode.emmet {"startup":true,"extensionId":{"value":"vscode.emmet","_lower":"vscode.emmet"},"activationEvent":"*"}
[2020-07-18 07:57:53.867] [exthost] [info] ExtensionService#loadCommonJSModule file:///node_modules/code-server/lib/vscode/extensions/emmet/dist/extension
[2020-07-18 07:57:53.896] [exthost] [info] ExtensionService#_doActivateExtension vscode.git {"startup":true,"extensionId":{"value":"vscode.git","_lower":"vscode.git"},"activationEvent":"*"}
[2020-07-18 07:57:53.898] [exthost] [info] ExtensionService#loadCommonJSModule file:///node_modules/code-server/lib/vscode/extensions/git/dist/main
[2020-07-18 07:57:53.955] [exthost] [info] ExtensionService#_doActivateExtension vscode.github-authentication {"startup":true,"extensionId":{"value":"vscode.github-authentication","_lower":"vscode.github-authentication"},"activationEvent":"*"}
[2020-07-18 07:57:53.957] [exthost] [info] ExtensionService#loadCommonJSModule file:///node_modules/code-server/lib/vscode/extensions/github-authentication/dist/extension.js
[2020-07-18 07:57:53.971] [exthost] [info] ExtensionService#_doActivateExtension vscode.merge-conflict {"startup":true,"extensionId":{"value":"vscode.merge-conflict","_lower":"vscode.merge-conflict"},"activationEvent":"*"}
[2020-07-18 07:57:53.972] [exthost] [info] ExtensionService#loadCommonJSModule file:///node_modules/code-server/lib/vscode/extensions/merge-conflict/dist/extension
[2020-07-18 07:57:53.977] [exthost] [info] ExtensionService#_doActivateExtension vscode.search-result {"startup":true,"extensionId":{"value":"vscode.search-result","_lower":"vscode.search-result"},"activationEvent":"*"}
[2020-07-18 07:57:53.978] [exthost] [info] ExtensionService#loadCommonJSModule file:///node_modules/code-server/lib/vscode/extensions/search-result/dist/extension.js
[2020-07-18 07:57:53.980] [exthost] [info] ExtensionService#_doActivateExtension vscode.vscode-account {"startup":true,"extensionId":{"value":"vscode.vscode-account","_lower":"vscode.vscode-account"},"activationEvent":"*"}
[2020-07-18 07:57:53.981] [exthost] [info] ExtensionService#loadCommonJSModule file:///node_modules/code-server/lib/vscode/extensions/vscode-account/dist/extension.js
[2020-07-18 07:57:54.014] [exthost] [info] eager extensions activated
[2020-07-18 07:58:30.486] [exthost] [info] ExtensionService#_doActivateExtension vscode.python {"startup":false,"extensionId":{"value":"vscode.python","_lower":"vscode.python"},"activationEvent":"onLanguage:python"}
[2020-07-18 07:58:30.488] [exthost] [info] ExtensionService#loadCommonJSModule file:///node_modules/code-server/lib/vscode/extensions/python/dist/pythonMain
[2020-07-18 08:00:30.692] [exthost] [info] extension host started
[2020-07-18 08:00:31.059] [exthost] [info] ExtensionService#_doActivateExtension vscode.debug-auto-launch {"startup":true,"extensionId":{"value":"vscode.debug-auto-launch","_lower":"vscode.debug-auto-launch"},"activationEvent":"*"}
[2020-07-18 08:00:31.061] [exthost] [info] ExtensionService#loadCommonJSModule file:///node_modules/code-server/lib/vscode/extensions/debug-auto-launch/dist/extension
[2020-07-18 08:00:31.067] [exthost] [info] ExtensionService#_doActivateExtension vscode.emmet {"startup":true,"extensionId":{"value":"vscode.emmet","_lower":"vscode.emmet"},"activationEvent":"*"}
[2020-07-18 08:00:31.069] [exthost] [info] ExtensionService#loadCommonJSModule file:///node_modules/code-server/lib/vscode/extensions/emmet/dist/extension
[2020-07-18 08:00:31.101] [exthost] [info] ExtensionService#_doActivateExtension vscode.git {"startup":true,"extensionId":{"value":"vscode.git","_lower":"vscode.git"},"activationEvent":"*"}
[2020-07-18 08:00:31.103] [exthost] [info] ExtensionService#loadCommonJSModule file:///node_modules/code-server/lib/vscode/extensions/git/dist/main
[2020-07-18 08:00:31.164] [exthost] [info] ExtensionService#_doActivateExtension vscode.github-authentication {"startup":true,"extensionId":{"value":"vscode.github-authentication","_lower":"vscode.github-authentication"},"activationEvent":"*"}
[2020-07-18 08:00:31.166] [exthost] [info] ExtensionService#loadCommonJSModule file:///node_modules/code-server/lib/vscode/extensions/github-authentication/dist/extension.js
[2020-07-18 08:00:31.192] [exthost] [info] ExtensionService#_doActivateExtension vscode.merge-conflict {"startup":true,"extensionId":{"value":"vscode.merge-conflict","_lower":"vscode.merge-conflict"},"activationEvent":"*"}
[2020-07-18 08:00:31.193] [exthost] [info] ExtensionService#loadCommonJSModule file:///node_modules/code-server/lib/vscode/extensions/merge-conflict/dist/extension
[2020-07-18 08:00:31.198] [exthost] [info] ExtensionService#_doActivateExtension vscode.search-result {"startup":true,"extensionId":{"value":"vscode.search-result","_lower":"vscode.search-result"},"activationEvent":"*"}
[2020-07-18 08:00:31.199] [exthost] [info] ExtensionService#loadCommonJSModule file:///node_modules/code-server/lib/vscode/extensions/search-result/dist/extension.js
[2020-07-18 08:00:31.202] [exthost] [info] ExtensionService#_doActivateExtension vscode.vscode-account {"startup":true,"extensionId":{"value":"vscode.vscode-account","_lower":"vscode.vscode-account"},"activationEvent":"*"}
[2020-07-18 08:00:31.203] [exthost] [info] ExtensionService#loadCommonJSModule file:///node_modules/code-server/lib/vscode/extensions/vscode-account/dist/extension.js
[2020-07-18 08:00:31.221] [exthost] [info] eager extensions activated
[2020-07-18 08:01:05.599] [exthost] [info] extension host started
[2020-07-18 08:01:06.463] [exthost] [info] ExtensionService#_doActivateExtension vscode.debug-auto-launch {"startup":true,"extensionId":{"value":"vscode.debug-auto-launch","_lower":"vscode.debug-auto-launch"},"activationEvent":"*"}
[2020-07-18 08:01:06.464] [exthost] [info] ExtensionService#loadCommonJSModule file:///node_modules/code-server/lib/vscode/extensions/debug-auto-launch/dist/extension
[2020-07-18 08:01:06.471] [exthost] [info] ExtensionService#_doActivateExtension vscode.emmet {"startup":true,"extensionId":{"value":"vscode.emmet","_lower":"vscode.emmet"},"activationEvent":"*"}
[2020-07-18 08:01:06.472] [exthost] [info] ExtensionService#loadCommonJSModule file:///node_modules/code-server/lib/vscode/extensions/emmet/dist/extension
[2020-07-18 08:01:06.503] [exthost] [info] ExtensionService#_doActivateExtension vscode.git {"startup":true,"extensionId":{"value":"vscode.git","_lower":"vscode.git"},"activationEvent":"*"}
[2020-07-18 08:01:06.504] [exthost] [info] ExtensionService#loadCommonJSModule file:///node_modules/code-server/lib/vscode/extensions/git/dist/main
[2020-07-18 08:01:06.563] [exthost] [info] ExtensionService#_doActivateExtension vscode.github-authentication {"startup":true,"extensionId":{"value":"vscode.github-authentication","_lower":"vscode.github-authentication"},"activationEvent":"*"}
[2020-07-18 08:01:06.564] [exthost] [info] ExtensionService#loadCommonJSModule file:///node_modules/code-server/lib/vscode/extensions/github-authentication/dist/extension.js
[2020-07-18 08:01:06.579] [exthost] [info] ExtensionService#_doActivateExtension vscode.merge-conflict {"startup":true,"extensionId":{"value":"vscode.merge-conflict","_lower":"vscode.merge-conflict"},"activationEvent":"*"}
[2020-07-18 08:01:06.581] [exthost] [info] ExtensionService#loadCommonJSModule file:///node_modules/code-server/lib/vscode/extensions/merge-conflict/dist/extension
[2020-07-18 08:01:06.586] [exthost] [info] ExtensionService#_doActivateExtension vscode.search-result {"startup":true,"extensionId":{"value":"vscode.search-result","_lower":"vscode.search-result"},"activationEvent":"*"}
[2020-07-18 08:01:06.587] [exthost] [info] ExtensionService#loadCommonJSModule file:///node_modules/code-server/lib/vscode/extensions/search-result/dist/extension.js
[2020-07-18 08:01:06.590] [exthost] [info] ExtensionService#_doActivateExtension vscode.vscode-account {"startup":true,"extensionId":{"value":"vscode.vscode-account","_lower":"vscode.vscode-account"},"activationEvent":"*"}
[2020-07-18 08:01:06.591] [exthost] [info] ExtensionService#loadCommonJSModule file:///node_modules/code-server/lib/vscode/extensions/vscode-account/dist/extension.js
[2020-07-18 08:01:06.609] [exthost] [info] eager extensions activated
[2020-07-18 08:01:29.478] [exthost] [info] ExtensionService#_doActivateExtension vscode.html-language-features {"startup":false,"extensionId":{"value":"vscode.html-language-features","_lower":"vscode.html-language-features"},"activationEvent":"onLanguage:html"}
[2020-07-18 08:01:29.479] [exthost] [info] ExtensionService#loadCommonJSModule file:///node_modules/code-server/lib/vscode/extensions/html-language-features/client/dist/htmlMain
[2020-07-18 08:08:12.647] [exthost] [info] ExtensionService#_doActivateExtension vscode.css-language-features {"startup":false,"extensionId":{"value":"vscode.css-language-features","_lower":"vscode.css-language-features"},"activationEvent":"onLanguage:css"}
[2020-07-18 08:08:12.649] [exthost] [info] ExtensionService#loadCommonJSModule file:///node_modules/code-server/lib/vscode/extensions/css-language-features/client/dist/cssMain
[2020-07-18 08:08:50.007] [exthost] [info] ExtensionService#_doActivateExtension vscode.python {"startup":false,"extensionId":{"value":"vscode.python","_lower":"vscode.python"},"activationEvent":"onLanguage:python"}
[2020-07-18 08:08:50.009] [exthost] [info] ExtensionService#loadCommonJSModule file:///node_modules/code-server/lib/vscode/extensions/python/dist/pythonMain
[2020-07-18 08:10:29.134] [exthost] [info] ExtensionService#_doActivateExtension vscode.css-language-features {"startup":false,"extensionId":{"value":"vscode.css-language-features","_lower":"vscode.css-language-features"},"activationEvent":"onLanguage:css"}
[2020-07-18 08:10:29.135] [exthost] [info] ExtensionService#loadCommonJSModule file:///node_modules/code-server/lib/vscode/extensions/css-language-features/client/dist/cssMain
[2020-07-18 08:22:07.270] [exthost] [error] [vscode.emmet] provider FAILED
[2020-07-18 08:22:07.280] [exthost] [error] Error: Cannot find module 'vscode-emmet-helper'
Require stack:
- /node_modules/code-server/lib/vscode/extensions/emmet/dist/extension.js
- /node_modules/code-server/lib/vscode/out/vs/loader.js
- /node_modules/code-server/lib/vscode/out/bootstrap-amd.js
- /node_modules/code-server/lib/vscode/out/bootstrap-fork.js
	at Function.Module._resolveFilename (internal/modules/cjs/loader.js:966:15)
	at Function.Module._load (internal/modules/cjs/loader.js:842:27)
	at Function.t._load (/node_modules/code-server/lib/vscode/out/vs/workbench/services/extensions/node/extensionHostProcess.js:956:846)
	at Function.n._load (/node_modules/code-server/lib/vscode/out/vs/workbench/services/extensions/node/extensionHostProcess.js:926:106)
	at Function.i._load (/node_modules/code-server/lib/vscode/out/vs/workbench/services/extensions/node/extensionHostProcess.js:922:391)
	at Module.require (internal/modules/cjs/loader.js:1026:19)
	at require (internal/modules/cjs/helpers.js:72:18)
	at Object.<anonymous> (/node_modules/code-server/lib/vscode/extensions/emmet/dist/extension.js:1:59931)
	at n (/node_modules/code-server/lib/vscode/extensions/emmet/dist/extension.js:1:158)
	at Object.t.getEmmetHelper (/node_modules/code-server/lib/vscode/extensions/emmet/dist/extension.js:1:3341)
	at t.DefaultCompletionItemProvider.provideCompletionItemsInternal (/node_modules/code-server/lib/vscode/extensions/emmet/dist/extension.js:1:53050)
	at t.DefaultCompletionItemProvider.provideCompletionItems (/node_modules/code-server/lib/vscode/extensions/emmet/dist/extension.js:1:52275)
	at /node_modules/code-server/lib/vscode/out/vs/workbench/services/extensions/node/extensionHostProcess.js:675:521
	at /node_modules/code-server/lib/vscode/out/vs/workbench/services/extensions/node/extensionHostProcess.js:51:988
	at new Promise (<anonymous>)
	at Object.t.asPromise (/node_modules/code-server/lib/vscode/out/vs/workbench/services/extensions/node/extensionHostProcess.js:51:960)
	at H.provideCompletionItems (/node_modules/code-server/lib/vscode/out/vs/workbench/services/extensions/node/extensionHostProcess.js:675:492)
	at /node_modules/code-server/lib/vscode/out/vs/workbench/services/extensions/node/extensionHostProcess.js:694:883
	at e._withAdapter (/node_modules/code-server/lib/vscode/out/vs/workbench/services/extensions/node/extensionHostProcess.js:685:862)
	at e.$provideCompletionItems (/node_modules/code-server/lib/vscode/out/vs/workbench/services/extensions/node/extensionHostProcess.js:694:861)
	at e._doInvokeHandler (/node_modules/code-server/lib/vscode/out/vs/workbench/services/extensions/node/extensionHostProcess.js:790:363)
	at e._invokeHandler (/node_modules/code-server/lib/vscode/out/vs/workbench/services/extensions/node/extensionHostProcess.js:790:55)
	at e._receiveRequest (/node_modules/code-server/lib/vscode/out/vs/workbench/services/extensions/node/extensionHostProcess.js:788:688)
	at e._receiveOneMessage (/node_modules/code-server/lib/vscode/out/vs/workbench/services/extensions/node/extensionHostProcess.js:787:518)
	at /node_modules/code-server/lib/vscode/out/vs/workbench/services/extensions/node/extensionHostProcess.js:785:754
	at e.fire (/node_modules/code-server/lib/vscode/out/vs/workbench/services/extensions/node/extensionHostProcess.js:46:67)
	at v.fire (/node_modules/code-server/lib/vscode/out/vs/workbench/services/extensions/node/extensionHostProcess.js:232:615)
	at /node_modules/code-server/lib/vscode/out/vs/workbench/services/extensions/node/extensionHostProcess.js:958:347
	at e.fire (/node_modules/code-server/lib/vscode/out/vs/workbench/services/extensions/node/extensionHostProcess.js:46:67)
	at v.fire (/node_modules/code-server/lib/vscode/out/vs/workbench/services/extensions/node/extensionHostProcess.js:232:615)
	at t.PersistentProtocol._receiveMessage (/node_modules/code-server/lib/vscode/out/vs/workbench/services/extensions/node/extensionHostProcess.js:237:17)
	at /node_modules/code-server/lib/vscode/out/vs/workbench/services/extensions/node/extensionHostProcess.js:234:155
	at e.fire (/node_modules/code-server/lib/vscode/out/vs/workbench/services/extensions/node/extensionHostProcess.js:46:67)
	at p.acceptChunk (/node_modules/code-server/lib/vscode/out/vs/workbench/services/extensions/node/extensionHostProcess.js:230:129)
	at /node_modules/code-server/lib/vscode/out/vs/workbench/services/extensions/node/extensionHostProcess.js:229:483
	at e.fire (/node_modules/code-server/lib/vscode/out/vs/workbench/services/extensions/node/extensionHostProcess.js:46:67)
	at f._acceptChunk (/node_modules/code-server/lib/vscode/out/vs/workbench/services/extensions/node/extensionHostProcess.js:241:182)
	at /node_modules/code-server/lib/vscode/out/vs/workbench/services/extensions/node/extensionHostProcess.js:239:346
	at Socket.t (/node_modules/code-server/lib/vscode/out/vs/workbench/services/extensions/node/extensionHostProcess.js:238:565)
	at Socket.emit (events.js:315:20)
	at addChunk (_stream_readable.js:295:12)
	at readableAddChunk (_stream_readable.js:271:9)
	at Socket.Readable.push (_stream_readable.js:212:10)
	at TCP.onStreamRead (internal/stream_base_commons.js:186:23)
[2020-07-18 08:22:07.905] [exthost] [error] [vscode.emmet] provider FAILED
[2020-07-18 08:22:07.906] [exthost] [error] TypeError: s.updateExtensionsPath is not a function
	at c (/node_modules/code-server/lib/vscode/extensions/emmet/dist/extension.js:1:2978)
	at Object.t.getEmmetHelper (/node_modules/code-server/lib/vscode/extensions/emmet/dist/extension.js:1:3348)
	at t.DefaultCompletionItemProvider.provideCompletionItemsInternal (/node_modules/code-server/lib/vscode/extensions/emmet/dist/extension.js:1:53050)
	at t.DefaultCompletionItemProvider.provideCompletionItems (/node_modules/code-server/lib/vscode/extensions/emmet/dist/extension.js:1:52275)
	at /node_modules/code-server/lib/vscode/out/vs/workbench/services/extensions/node/extensionHostProcess.js:675:521
	at /node_modules/code-server/lib/vscode/out/vs/workbench/services/extensions/node/extensionHostProcess.js:51:988
	at new Promise (<anonymous>)
	at Object.t.asPromise (/node_modules/code-server/lib/vscode/out/vs/workbench/services/extensions/node/extensionHostProcess.js:51:960)
	at H.provideCompletionItems (/node_modules/code-server/lib/vscode/out/vs/workbench/services/extensions/node/extensionHostProcess.js:675:492)
	at /node_modules/code-server/lib/vscode/out/vs/workbench/services/extensions/node/extensionHostProcess.js:694:883
	at e._withAdapter (/node_modules/code-server/lib/vscode/out/vs/workbench/services/extensions/node/extensionHostProcess.js:685:862)
	at e.$provideCompletionItems (/node_modules/code-server/lib/vscode/out/vs/workbench/services/extensions/node/extensionHostProcess.js:694:861)
	at e._doInvokeHandler (/node_modules/code-server/lib/vscode/out/vs/workbench/services/extensions/node/extensionHostProcess.js:790:363)
	at e._invokeHandler (/node_modules/code-server/lib/vscode/out/vs/workbench/services/extensions/node/extensionHostProcess.js:790:55)
	at e._receiveRequest (/node_modules/code-server/lib/vscode/out/vs/workbench/services/extensions/node/extensionHostProcess.js:788:688)
	at e._receiveOneMessage (/node_modules/code-server/lib/vscode/out/vs/workbench/services/extensions/node/extensionHostProcess.js:787:518)
	at /node_modules/code-server/lib/vscode/out/vs/workbench/services/extensions/node/extensionHostProcess.js:785:754
	at e.fire (/node_modules/code-server/lib/vscode/out/vs/workbench/services/extensions/node/extensionHostProcess.js:46:67)
	at v.fire (/node_modules/code-server/lib/vscode/out/vs/workbench/services/extensions/node/extensionHostProcess.js:232:615)
	at /node_modules/code-server/lib/vscode/out/vs/workbench/services/extensions/node/extensionHostProcess.js:958:347
	at e.fire (/node_modules/code-server/lib/vscode/out/vs/workbench/services/extensions/node/extensionHostProcess.js:46:67)
	at v.fire (/node_modules/code-server/lib/vscode/out/vs/workbench/services/extensions/node/extensionHostProcess.js:232:615)
	at t.PersistentProtocol._receiveMessage (/node_modules/code-server/lib/vscode/out/vs/workbench/services/extensions/node/extensionHostProcess.js:237:17)
	at /node_modules/code-server/lib/vscode/out/vs/workbench/services/extensions/node/extensionHostProcess.js:234:155
	at e.fire (/node_modules/code-server/lib/vscode/out/vs/workbench/services/extensions/node/extensionHostProcess.js:46:67)
	at p.acceptChunk (/node_modules/code-server/lib/vscode/out/vs/workbench/services/extensions/node/extensionHostProcess.js:230:129)
	at /node_modules/code-server/lib/vscode/out/vs/workbench/services/extensions/node/extensionHostProcess.js:229:483
	at e.fire (/node_modules/code-server/lib/vscode/out/vs/workbench/services/extensions/node/extensionHostProcess.js:46:67)
	at f._acceptChunk (/node_modules/code-server/lib/vscode/out/vs/workbench/services/extensions/node/extensionHostProcess.js:241:182)
	at /node_modules/code-server/lib/vscode/out/vs/workbench/services/extensions/node/extensionHostProcess.js:239:346
	at Socket.t (/node_modules/code-server/lib/vscode/out/vs/workbench/services/extensions/node/extensionHostProcess.js:238:565)
	at Socket.emit (events.js:315:20)
	at addChunk (_stream_readable.js:295:12)
	at readableAddChunk (_stream_readable.js:271:9)
	at Socket.Readable.push (_stream_readable.js:212:10)
	at TCP.onStreamRead (internal/stream_base_commons.js:186:23)
[2020-07-18 08:23:49.224] [exthost] [info] ExtensionService#_doActivateExtension vscode.html-language-features {"startup":false,"extensionId":{"value":"vscode.html-language-features","_lower":"vscode.html-language-features"},"activationEvent":"onLanguage:html"}
[2020-07-18 08:23:49.225] [exthost] [info] ExtensionService#loadCommonJSModule file:///node_modules/code-server/lib/vscode/extensions/html-language-features/client/dist/htmlMain
[2020-07-18 08:35:51.454] [exthost] [info] extension host started
[2020-07-18 08:35:52.300] [exthost] [info] ExtensionService#_doActivateExtension vscode.emmet {"startup":false,"extensionId":{"value":"vscode.emmet","_lower":"vscode.emmet"},"activationEvent":"onLanguage:html"}
[2020-07-18 08:35:52.302] [exthost] [info] ExtensionService#loadCommonJSModule file:///node_modules/code-server/lib/vscode/extensions/emmet/dist/extension
[2020-07-18 08:35:52.336] [exthost] [info] ExtensionService#_doActivateExtension vscode.html-language-features {"startup":false,"extensionId":{"value":"vscode.html-language-features","_lower":"vscode.html-language-features"},"activationEvent":"onLanguage:html"}
[2020-07-18 08:35:52.337] [exthost] [info] ExtensionService#loadCommonJSModule file:///node_modules/code-server/lib/vscode/extensions/html-language-features/client/dist/htmlMain
[2020-07-18 08:35:52.369] [exthost] [info] ExtensionService#_doActivateExtension vscode.debug-auto-launch {"startup":true,"extensionId":{"value":"vscode.debug-auto-launch","_lower":"vscode.debug-auto-launch"},"activationEvent":"*"}
[2020-07-18 08:35:52.370] [exthost] [info] ExtensionService#loadCommonJSModule file:///node_modules/code-server/lib/vscode/extensions/debug-auto-launch/dist/extension
[2020-07-18 08:35:52.374] [exthost] [info] ExtensionService#_doActivateExtension vscode.git {"startup":true,"extensionId":{"value":"vscode.git","_lower":"vscode.git"},"activationEvent":"*"}
[2020-07-18 08:35:52.375] [exthost] [info] ExtensionService#loadCommonJSModule file:///node_modules/code-server/lib/vscode/extensions/git/dist/main
[2020-07-18 08:35:52.430] [exthost] [info] ExtensionService#_doActivateExtension vscode.github-authentication {"startup":true,"extensionId":{"value":"vscode.github-authentication","_lower":"vscode.github-authentication"},"activationEvent":"*"}
[2020-07-18 08:35:52.431] [exthost] [info] ExtensionService#loadCommonJSModule file:///node_modules/code-server/lib/vscode/extensions/github-authentication/dist/extension.js
[2020-07-18 08:35:52.446] [exthost] [info] ExtensionService#_doActivateExtension vscode.merge-conflict {"startup":true,"extensionId":{"value":"vscode.merge-conflict","_lower":"vscode.merge-conflict"},"activationEvent":"*"}
[2020-07-18 08:35:52.447] [exthost] [info] ExtensionService#loadCommonJSModule file:///node_modules/code-server/lib/vscode/extensions/merge-conflict/dist/extension
[2020-07-18 08:35:52.452] [exthost] [info] ExtensionService#_doActivateExtension vscode.search-result {"startup":true,"extensionId":{"value":"vscode.search-result","_lower":"vscode.search-result"},"activationEvent":"*"}
[2020-07-18 08:35:52.453] [exthost] [info] ExtensionService#loadCommonJSModule file:///node_modules/code-server/lib/vscode/extensions/search-result/dist/extension.js
[2020-07-18 08:35:52.455] [exthost] [info] ExtensionService#_doActivateExtension vscode.vscode-account {"startup":true,"extensionId":{"value":"vscode.vscode-account","_lower":"vscode.vscode-account"},"activationEvent":"*"}
[2020-07-18 08:35:52.456] [exthost] [info] ExtensionService#loadCommonJSModule file:///node_modules/code-server/lib/vscode/extensions/vscode-account/dist/extension.js
[2020-07-18 08:35:52.486] [exthost] [info] eager extensions activated
