[2020-07-31 09:59:22.917] [exthost] [info] extension host started
[2020-07-31 09:59:23.168] [exthost] [info] ExtensionService#_doActivateExtension vscode.python {"startup":false,"extensionId":{"value":"vscode.python","_lower":"vscode.python"},"activationEvent":"onLanguage:python"}
[2020-07-31 09:59:23.169] [exthost] [info] ExtensionService#loadCommonJSModule file:///node_modules/code-server/lib/vscode/extensions/python/dist/pythonMain
[2020-07-31 09:59:23.172] [exthost] [info] ExtensionService#_doActivateExtension vscode.debug-auto-launch {"startup":true,"extensionId":{"value":"vscode.debug-auto-launch","_lower":"vscode.debug-auto-launch"},"activationEvent":"*"}
[2020-07-31 09:59:23.172] [exthost] [info] ExtensionService#loadCommonJSModule file:///node_modules/code-server/lib/vscode/extensions/debug-auto-launch/dist/extension
[2020-07-31 09:59:23.176] [exthost] [info] ExtensionService#_doActivateExtension vscode.emmet {"startup":true,"extensionId":{"value":"vscode.emmet","_lower":"vscode.emmet"},"activationEvent":"*"}
[2020-07-31 09:59:23.176] [exthost] [info] ExtensionService#loadCommonJSModule file:///node_modules/code-server/lib/vscode/extensions/emmet/dist/extension
[2020-07-31 09:59:23.201] [exthost] [info] ExtensionService#_doActivateExtension vscode.git {"startup":true,"extensionId":{"value":"vscode.git","_lower":"vscode.git"},"activationEvent":"*"}
[2020-07-31 09:59:23.201] [exthost] [info] ExtensionService#loadCommonJSModule file:///node_modules/code-server/lib/vscode/extensions/git/dist/main
[2020-07-31 09:59:23.289] [exthost] [info] ExtensionService#_doActivateExtension vscode.github-authentication {"startup":true,"extensionId":{"value":"vscode.github-authentication","_lower":"vscode.github-authentication"},"activationEvent":"*"}
[2020-07-31 09:59:23.294] [exthost] [info] ExtensionService#loadCommonJSModule file:///node_modules/code-server/lib/vscode/extensions/github-authentication/dist/extension.js
[2020-07-31 09:59:23.319] [exthost] [info] ExtensionService#_doActivateExtension vscode.merge-conflict {"startup":true,"extensionId":{"value":"vscode.merge-conflict","_lower":"vscode.merge-conflict"},"activationEvent":"*"}
[2020-07-31 09:59:23.319] [exthost] [info] ExtensionService#loadCommonJSModule file:///node_modules/code-server/lib/vscode/extensions/merge-conflict/dist/extension
[2020-07-31 09:59:23.326] [exthost] [info] ExtensionService#_doActivateExtension vscode.search-result {"startup":true,"extensionId":{"value":"vscode.search-result","_lower":"vscode.search-result"},"activationEvent":"*"}
[2020-07-31 09:59:23.326] [exthost] [info] ExtensionService#loadCommonJSModule file:///node_modules/code-server/lib/vscode/extensions/search-result/dist/extension.js
[2020-07-31 09:59:23.328] [exthost] [info] ExtensionService#_doActivateExtension vscode.vscode-account {"startup":true,"extensionId":{"value":"vscode.vscode-account","_lower":"vscode.vscode-account"},"activationEvent":"*"}
[2020-07-31 09:59:23.329] [exthost] [info] ExtensionService#loadCommonJSModule file:///node_modules/code-server/lib/vscode/extensions/vscode-account/dist/extension.js
[2020-07-31 09:59:23.343] [exthost] [info] eager extensions activated
[2020-07-31 10:06:54.555] [exthost] [info] ExtensionService#_doActivateExtension vscode.html-language-features {"startup":false,"extensionId":{"value":"vscode.html-language-features","_lower":"vscode.html-language-features"},"activationEvent":"onLanguage:html"}
[2020-07-31 10:06:54.555] [exthost] [info] ExtensionService#loadCommonJSModule file:///node_modules/code-server/lib/vscode/extensions/html-language-features/client/dist/htmlMain
[2020-07-31 10:13:05.927] [exthost] [error] [vscode.emmet] provider FAILED
[2020-07-31 10:13:05.930] [exthost] [error] Error: Cannot find module 'vscode-emmet-helper'
Require stack:
- /node_modules/code-server/lib/vscode/extensions/emmet/dist/extension.js
- /node_modules/code-server/lib/vscode/out/vs/loader.js
- /node_modules/code-server/lib/vscode/out/bootstrap-amd.js
- /node_modules/code-server/lib/vscode/out/bootstrap-fork.js
	at Function.Module._resolveFilename (internal/modules/cjs/loader.js:966:15)
	at Function.Module._load (internal/modules/cjs/loader.js:842:27)
	at Function.t._load (/node_modules/code-server/lib/vscode/out/vs/workbench/services/extensions/node/extensionHostProcess.js:956:846)
	at Function.n._load (/node_modules/code-server/lib/vscode/out/vs/workbench/services/extensions/node/extensionHostProcess.js:926:106)
	at Function.i._load (/node_modules/code-server/lib/vscode/out/vs/workbench/services/extensions/node/extensionHostProcess.js:922:391)
	at Module.require (internal/modules/cjs/loader.js:1026:19)
	at require (internal/modules/cjs/helpers.js:72:18)
	at Object.<anonymous> (/node_modules/code-server/lib/vscode/extensions/emmet/dist/extension.js:1:59931)
	at n (/node_modules/code-server/lib/vscode/extensions/emmet/dist/extension.js:1:158)
	at Object.t.getEmmetHelper (/node_modules/code-server/lib/vscode/extensions/emmet/dist/extension.js:1:3341)
	at t.DefaultCompletionItemProvider.provideCompletionItemsInternal (/node_modules/code-server/lib/vscode/extensions/emmet/dist/extension.js:1:53050)
	at t.DefaultCompletionItemProvider.provideCompletionItems (/node_modules/code-server/lib/vscode/extensions/emmet/dist/extension.js:1:52275)
	at /node_modules/code-server/lib/vscode/out/vs/workbench/services/extensions/node/extensionHostProcess.js:675:521
	at /node_modules/code-server/lib/vscode/out/vs/workbench/services/extensions/node/extensionHostProcess.js:51:988
	at new Promise (<anonymous>)
	at Object.t.asPromise (/node_modules/code-server/lib/vscode/out/vs/workbench/services/extensions/node/extensionHostProcess.js:51:960)
	at H.provideCompletionItems (/node_modules/code-server/lib/vscode/out/vs/workbench/services/extensions/node/extensionHostProcess.js:675:492)
	at /node_modules/code-server/lib/vscode/out/vs/workbench/services/extensions/node/extensionHostProcess.js:694:883
	at e._withAdapter (/node_modules/code-server/lib/vscode/out/vs/workbench/services/extensions/node/extensionHostProcess.js:685:862)
	at e.$provideCompletionItems (/node_modules/code-server/lib/vscode/out/vs/workbench/services/extensions/node/extensionHostProcess.js:694:861)
	at e._doInvokeHandler (/node_modules/code-server/lib/vscode/out/vs/workbench/services/extensions/node/extensionHostProcess.js:790:363)
	at e._invokeHandler (/node_modules/code-server/lib/vscode/out/vs/workbench/services/extensions/node/extensionHostProcess.js:790:55)
	at e._receiveRequest (/node_modules/code-server/lib/vscode/out/vs/workbench/services/extensions/node/extensionHostProcess.js:788:688)
	at e._receiveOneMessage (/node_modules/code-server/lib/vscode/out/vs/workbench/services/extensions/node/extensionHostProcess.js:787:518)
	at /node_modules/code-server/lib/vscode/out/vs/workbench/services/extensions/node/extensionHostProcess.js:785:754
	at e.fire (/node_modules/code-server/lib/vscode/out/vs/workbench/services/extensions/node/extensionHostProcess.js:46:67)
	at v.fire (/node_modules/code-server/lib/vscode/out/vs/workbench/services/extensions/node/extensionHostProcess.js:232:615)
	at /node_modules/code-server/lib/vscode/out/vs/workbench/services/extensions/node/extensionHostProcess.js:958:347
	at e.fire (/node_modules/code-server/lib/vscode/out/vs/workbench/services/extensions/node/extensionHostProcess.js:46:67)
	at v.fire (/node_modules/code-server/lib/vscode/out/vs/workbench/services/extensions/node/extensionHostProcess.js:232:615)
	at t.PersistentProtocol._receiveMessage (/node_modules/code-server/lib/vscode/out/vs/workbench/services/extensions/node/extensionHostProcess.js:237:17)
	at /node_modules/code-server/lib/vscode/out/vs/workbench/services/extensions/node/extensionHostProcess.js:234:155
	at e.fire (/node_modules/code-server/lib/vscode/out/vs/workbench/services/extensions/node/extensionHostProcess.js:46:67)
	at p.acceptChunk (/node_modules/code-server/lib/vscode/out/vs/workbench/services/extensions/node/extensionHostProcess.js:230:129)
	at /node_modules/code-server/lib/vscode/out/vs/workbench/services/extensions/node/extensionHostProcess.js:229:483
	at e.fire (/node_modules/code-server/lib/vscode/out/vs/workbench/services/extensions/node/extensionHostProcess.js:46:67)
	at f._acceptChunk (/node_modules/code-server/lib/vscode/out/vs/workbench/services/extensions/node/extensionHostProcess.js:241:182)
	at /node_modules/code-server/lib/vscode/out/vs/workbench/services/extensions/node/extensionHostProcess.js:239:346
	at Socket.t (/node_modules/code-server/lib/vscode/out/vs/workbench/services/extensions/node/extensionHostProcess.js:238:565)
	at Socket.emit (events.js:315:20)
	at addChunk (_stream_readable.js:295:12)
	at readableAddChunk (_stream_readable.js:271:9)
	at Socket.Readable.push (_stream_readable.js:212:10)
	at TCP.onStreamRead (internal/stream_base_commons.js:186:23)
[2020-07-31 10:13:08.515] [exthost] [error] [vscode.emmet] provider FAILED
[2020-07-31 10:13:08.519] [exthost] [error] TypeError: s.updateExtensionsPath is not a function
	at c (/node_modules/code-server/lib/vscode/extensions/emmet/dist/extension.js:1:2978)
	at Object.t.getEmmetHelper (/node_modules/code-server/lib/vscode/extensions/emmet/dist/extension.js:1:3348)
	at t.DefaultCompletionItemProvider.provideCompletionItemsInternal (/node_modules/code-server/lib/vscode/extensions/emmet/dist/extension.js:1:53050)
	at t.DefaultCompletionItemProvider.provideCompletionItems (/node_modules/code-server/lib/vscode/extensions/emmet/dist/extension.js:1:52275)
	at /node_modules/code-server/lib/vscode/out/vs/workbench/services/extensions/node/extensionHostProcess.js:675:521
	at /node_modules/code-server/lib/vscode/out/vs/workbench/services/extensions/node/extensionHostProcess.js:51:988
	at new Promise (<anonymous>)
	at Object.t.asPromise (/node_modules/code-server/lib/vscode/out/vs/workbench/services/extensions/node/extensionHostProcess.js:51:960)
	at H.provideCompletionItems (/node_modules/code-server/lib/vscode/out/vs/workbench/services/extensions/node/extensionHostProcess.js:675:492)
	at /node_modules/code-server/lib/vscode/out/vs/workbench/services/extensions/node/extensionHostProcess.js:694:883
	at e._withAdapter (/node_modules/code-server/lib/vscode/out/vs/workbench/services/extensions/node/extensionHostProcess.js:685:862)
	at e.$provideCompletionItems (/node_modules/code-server/lib/vscode/out/vs/workbench/services/extensions/node/extensionHostProcess.js:694:861)
	at e._doInvokeHandler (/node_modules/code-server/lib/vscode/out/vs/workbench/services/extensions/node/extensionHostProcess.js:790:363)
	at e._invokeHandler (/node_modules/code-server/lib/vscode/out/vs/workbench/services/extensions/node/extensionHostProcess.js:790:55)
	at e._receiveRequest (/node_modules/code-server/lib/vscode/out/vs/workbench/services/extensions/node/extensionHostProcess.js:788:688)
	at e._receiveOneMessage (/node_modules/code-server/lib/vscode/out/vs/workbench/services/extensions/node/extensionHostProcess.js:787:518)
	at /node_modules/code-server/lib/vscode/out/vs/workbench/services/extensions/node/extensionHostProcess.js:785:754
	at e.fire (/node_modules/code-server/lib/vscode/out/vs/workbench/services/extensions/node/extensionHostProcess.js:46:67)
	at v.fire (/node_modules/code-server/lib/vscode/out/vs/workbench/services/extensions/node/extensionHostProcess.js:232:615)
	at /node_modules/code-server/lib/vscode/out/vs/workbench/services/extensions/node/extensionHostProcess.js:958:347
	at e.fire (/node_modules/code-server/lib/vscode/out/vs/workbench/services/extensions/node/extensionHostProcess.js:46:67)
	at v.fire (/node_modules/code-server/lib/vscode/out/vs/workbench/services/extensions/node/extensionHostProcess.js:232:615)
	at t.PersistentProtocol._receiveMessage (/node_modules/code-server/lib/vscode/out/vs/workbench/services/extensions/node/extensionHostProcess.js:237:17)
	at /node_modules/code-server/lib/vscode/out/vs/workbench/services/extensions/node/extensionHostProcess.js:234:155
	at e.fire (/node_modules/code-server/lib/vscode/out/vs/workbench/services/extensions/node/extensionHostProcess.js:46:67)
	at p.acceptChunk (/node_modules/code-server/lib/vscode/out/vs/workbench/services/extensions/node/extensionHostProcess.js:230:129)
	at /node_modules/code-server/lib/vscode/out/vs/workbench/services/extensions/node/extensionHostProcess.js:229:483
	at e.fire (/node_modules/code-server/lib/vscode/out/vs/workbench/services/extensions/node/extensionHostProcess.js:46:67)
	at f._acceptChunk (/node_modules/code-server/lib/vscode/out/vs/workbench/services/extensions/node/extensionHostProcess.js:241:182)
	at /node_modules/code-server/lib/vscode/out/vs/workbench/services/extensions/node/extensionHostProcess.js:239:346
	at Socket.t (/node_modules/code-server/lib/vscode/out/vs/workbench/services/extensions/node/extensionHostProcess.js:238:565)
	at Socket.emit (events.js:315:20)
	at addChunk (_stream_readable.js:295:12)
	at readableAddChunk (_stream_readable.js:271:9)
	at Socket.Readable.push (_stream_readable.js:212:10)
	at TCP.onStreamRead (internal/stream_base_commons.js:186:23)
[2020-08-04 11:32:15.979] [exthost] [info] extension host started
[2020-08-04 11:32:16.254] [exthost] [info] ExtensionService#_doActivateExtension vscode.debug-auto-launch {"startup":true,"extensionId":{"value":"vscode.debug-auto-launch","_lower":"vscode.debug-auto-launch"},"activationEvent":"*"}
[2020-08-04 11:32:16.254] [exthost] [info] ExtensionService#loadCommonJSModule file:///node_modules/code-server/lib/vscode/extensions/debug-auto-launch/dist/extension
[2020-08-04 11:32:16.260] [exthost] [info] ExtensionService#_doActivateExtension vscode.emmet {"startup":true,"extensionId":{"value":"vscode.emmet","_lower":"vscode.emmet"},"activationEvent":"*"}
[2020-08-04 11:32:16.260] [exthost] [info] ExtensionService#loadCommonJSModule file:///node_modules/code-server/lib/vscode/extensions/emmet/dist/extension
[2020-08-04 11:32:16.290] [exthost] [info] ExtensionService#_doActivateExtension vscode.git {"startup":true,"extensionId":{"value":"vscode.git","_lower":"vscode.git"},"activationEvent":"*"}
[2020-08-04 11:32:16.290] [exthost] [info] ExtensionService#loadCommonJSModule file:///node_modules/code-server/lib/vscode/extensions/git/dist/main
[2020-08-04 11:32:16.351] [exthost] [info] ExtensionService#_doActivateExtension vscode.github-authentication {"startup":true,"extensionId":{"value":"vscode.github-authentication","_lower":"vscode.github-authentication"},"activationEvent":"*"}
[2020-08-04 11:32:16.351] [exthost] [info] ExtensionService#loadCommonJSModule file:///node_modules/code-server/lib/vscode/extensions/github-authentication/dist/extension.js
[2020-08-04 11:32:16.367] [exthost] [info] ExtensionService#_doActivateExtension vscode.merge-conflict {"startup":true,"extensionId":{"value":"vscode.merge-conflict","_lower":"vscode.merge-conflict"},"activationEvent":"*"}
[2020-08-04 11:32:16.367] [exthost] [info] ExtensionService#loadCommonJSModule file:///node_modules/code-server/lib/vscode/extensions/merge-conflict/dist/extension
[2020-08-04 11:32:16.371] [exthost] [info] ExtensionService#_doActivateExtension vscode.search-result {"startup":true,"extensionId":{"value":"vscode.search-result","_lower":"vscode.search-result"},"activationEvent":"*"}
[2020-08-04 11:32:16.372] [exthost] [info] ExtensionService#loadCommonJSModule file:///node_modules/code-server/lib/vscode/extensions/search-result/dist/extension.js
[2020-08-04 11:32:16.373] [exthost] [info] ExtensionService#_doActivateExtension vscode.vscode-account {"startup":true,"extensionId":{"value":"vscode.vscode-account","_lower":"vscode.vscode-account"},"activationEvent":"*"}
[2020-08-04 11:32:16.373] [exthost] [info] ExtensionService#loadCommonJSModule file:///node_modules/code-server/lib/vscode/extensions/vscode-account/dist/extension.js
[2020-08-04 11:32:16.389] [exthost] [info] eager extensions activated
[2020-08-04 11:34:20.568] [exthost] [info] extension host started
[2020-08-04 11:34:20.931] [exthost] [info] ExtensionService#_doActivateExtension vscode.debug-auto-launch {"startup":true,"extensionId":{"value":"vscode.debug-auto-launch","_lower":"vscode.debug-auto-launch"},"activationEvent":"*"}
[2020-08-04 11:34:20.932] [exthost] [info] ExtensionService#loadCommonJSModule file:///node_modules/code-server/lib/vscode/extensions/debug-auto-launch/dist/extension
[2020-08-04 11:34:20.937] [exthost] [info] ExtensionService#_doActivateExtension vscode.emmet {"startup":true,"extensionId":{"value":"vscode.emmet","_lower":"vscode.emmet"},"activationEvent":"*"}
[2020-08-04 11:34:20.937] [exthost] [info] ExtensionService#loadCommonJSModule file:///node_modules/code-server/lib/vscode/extensions/emmet/dist/extension
[2020-08-04 11:34:20.998] [exthost] [info] ExtensionService#_doActivateExtension vscode.git {"startup":true,"extensionId":{"value":"vscode.git","_lower":"vscode.git"},"activationEvent":"*"}
[2020-08-04 11:34:20.998] [exthost] [info] ExtensionService#loadCommonJSModule file:///node_modules/code-server/lib/vscode/extensions/git/dist/main
[2020-08-04 11:34:21.079] [exthost] [info] ExtensionService#_doActivateExtension vscode.github-authentication {"startup":true,"extensionId":{"value":"vscode.github-authentication","_lower":"vscode.github-authentication"},"activationEvent":"*"}
[2020-08-04 11:34:21.079] [exthost] [info] ExtensionService#loadCommonJSModule file:///node_modules/code-server/lib/vscode/extensions/github-authentication/dist/extension.js
[2020-08-04 11:34:21.094] [exthost] [info] ExtensionService#_doActivateExtension vscode.merge-conflict {"startup":true,"extensionId":{"value":"vscode.merge-conflict","_lower":"vscode.merge-conflict"},"activationEvent":"*"}
[2020-08-04 11:34:21.094] [exthost] [info] ExtensionService#loadCommonJSModule file:///node_modules/code-server/lib/vscode/extensions/merge-conflict/dist/extension
[2020-08-04 11:34:21.098] [exthost] [info] ExtensionService#_doActivateExtension vscode.search-result {"startup":true,"extensionId":{"value":"vscode.search-result","_lower":"vscode.search-result"},"activationEvent":"*"}
[2020-08-04 11:34:21.098] [exthost] [info] ExtensionService#loadCommonJSModule file:///node_modules/code-server/lib/vscode/extensions/search-result/dist/extension.js
[2020-08-04 11:34:21.099] [exthost] [info] ExtensionService#_doActivateExtension vscode.vscode-account {"startup":true,"extensionId":{"value":"vscode.vscode-account","_lower":"vscode.vscode-account"},"activationEvent":"*"}
[2020-08-04 11:34:21.100] [exthost] [info] ExtensionService#loadCommonJSModule file:///node_modules/code-server/lib/vscode/extensions/vscode-account/dist/extension.js
[2020-08-04 11:34:21.115] [exthost] [info] eager extensions activated
[2020-08-04 12:46:37.724] [exthost] [info] extension host started
[2020-08-04 12:47:19.787] [exthost] [info] ExtensionService#_doActivateExtension vscode.debug-auto-launch {"startup":true,"extensionId":{"value":"vscode.debug-auto-launch","_lower":"vscode.debug-auto-launch"},"activationEvent":"*"}
[2020-08-04 12:47:19.787] [exthost] [info] ExtensionService#loadCommonJSModule file:///node_modules/code-server/lib/vscode/extensions/debug-auto-launch/dist/extension
[2020-08-04 12:47:19.793] [exthost] [info] ExtensionService#_doActivateExtension vscode.emmet {"startup":true,"extensionId":{"value":"vscode.emmet","_lower":"vscode.emmet"},"activationEvent":"*"}
[2020-08-04 12:47:19.794] [exthost] [info] ExtensionService#loadCommonJSModule file:///node_modules/code-server/lib/vscode/extensions/emmet/dist/extension
[2020-08-04 12:47:19.822] [exthost] [info] ExtensionService#_doActivateExtension vscode.git {"startup":true,"extensionId":{"value":"vscode.git","_lower":"vscode.git"},"activationEvent":"*"}
[2020-08-04 12:47:19.822] [exthost] [info] ExtensionService#loadCommonJSModule file:///node_modules/code-server/lib/vscode/extensions/git/dist/main
[2020-08-04 12:47:19.879] [exthost] [info] ExtensionService#_doActivateExtension vscode.github-authentication {"startup":true,"extensionId":{"value":"vscode.github-authentication","_lower":"vscode.github-authentication"},"activationEvent":"*"}
[2020-08-04 12:47:19.880] [exthost] [info] ExtensionService#loadCommonJSModule file:///node_modules/code-server/lib/vscode/extensions/github-authentication/dist/extension.js
[2020-08-04 12:47:19.894] [exthost] [info] ExtensionService#_doActivateExtension vscode.merge-conflict {"startup":true,"extensionId":{"value":"vscode.merge-conflict","_lower":"vscode.merge-conflict"},"activationEvent":"*"}
[2020-08-04 12:47:19.895] [exthost] [info] ExtensionService#loadCommonJSModule file:///node_modules/code-server/lib/vscode/extensions/merge-conflict/dist/extension
[2020-08-04 12:47:19.898] [exthost] [info] ExtensionService#_doActivateExtension vscode.search-result {"startup":true,"extensionId":{"value":"vscode.search-result","_lower":"vscode.search-result"},"activationEvent":"*"}
[2020-08-04 12:47:19.898] [exthost] [info] ExtensionService#loadCommonJSModule file:///node_modules/code-server/lib/vscode/extensions/search-result/dist/extension.js
[2020-08-04 12:47:19.899] [exthost] [info] ExtensionService#_doActivateExtension vscode.vscode-account {"startup":true,"extensionId":{"value":"vscode.vscode-account","_lower":"vscode.vscode-account"},"activationEvent":"*"}
[2020-08-04 12:47:19.900] [exthost] [info] ExtensionService#loadCommonJSModule file:///node_modules/code-server/lib/vscode/extensions/vscode-account/dist/extension.js
[2020-08-04 12:47:19.916] [exthost] [info] eager extensions activated
[2020-08-06 03:37:04.532] [exthost] [info] extension host started
[2020-08-06 03:37:16.895] [exthost] [info] extension host started
[2020-08-06 03:37:17.625] [exthost] [info] ExtensionService#_doActivateExtension vscode.emmet {"startup":false,"extensionId":{"value":"vscode.emmet","_lower":"vscode.emmet"},"activationEvent":"onLanguage:html"}
[2020-08-06 03:37:17.626] [exthost] [info] ExtensionService#loadCommonJSModule file:///node_modules/code-server/lib/vscode/extensions/emmet/dist/extension
[2020-08-06 03:37:17.661] [exthost] [info] ExtensionService#_doActivateExtension vscode.html-language-features {"startup":false,"extensionId":{"value":"vscode.html-language-features","_lower":"vscode.html-language-features"},"activationEvent":"onLanguage:html"}
[2020-08-06 03:37:17.661] [exthost] [info] ExtensionService#loadCommonJSModule file:///node_modules/code-server/lib/vscode/extensions/html-language-features/client/dist/htmlMain
[2020-08-06 03:37:17.693] [exthost] [info] ExtensionService#_doActivateExtension vscode.debug-auto-launch {"startup":true,"extensionId":{"value":"vscode.debug-auto-launch","_lower":"vscode.debug-auto-launch"},"activationEvent":"*"}
[2020-08-06 03:37:17.693] [exthost] [info] ExtensionService#loadCommonJSModule file:///node_modules/code-server/lib/vscode/extensions/debug-auto-launch/dist/extension
[2020-08-06 03:37:17.696] [exthost] [info] ExtensionService#_doActivateExtension vscode.git {"startup":true,"extensionId":{"value":"vscode.git","_lower":"vscode.git"},"activationEvent":"*"}
[2020-08-06 03:37:17.696] [exthost] [info] ExtensionService#loadCommonJSModule file:///node_modules/code-server/lib/vscode/extensions/git/dist/main
[2020-08-06 03:37:17.754] [exthost] [info] ExtensionService#_doActivateExtension vscode.github-authentication {"startup":true,"extensionId":{"value":"vscode.github-authentication","_lower":"vscode.github-authentication"},"activationEvent":"*"}
[2020-08-06 03:37:17.754] [exthost] [info] ExtensionService#loadCommonJSModule file:///node_modules/code-server/lib/vscode/extensions/github-authentication/dist/extension.js
[2020-08-06 03:37:17.769] [exthost] [info] ExtensionService#_doActivateExtension vscode.merge-conflict {"startup":true,"extensionId":{"value":"vscode.merge-conflict","_lower":"vscode.merge-conflict"},"activationEvent":"*"}
[2020-08-06 03:37:17.769] [exthost] [info] ExtensionService#loadCommonJSModule file:///node_modules/code-server/lib/vscode/extensions/merge-conflict/dist/extension
[2020-08-06 03:37:17.773] [exthost] [info] ExtensionService#_doActivateExtension vscode.search-result {"startup":true,"extensionId":{"value":"vscode.search-result","_lower":"vscode.search-result"},"activationEvent":"*"}
[2020-08-06 03:37:17.773] [exthost] [info] ExtensionService#loadCommonJSModule file:///node_modules/code-server/lib/vscode/extensions/search-result/dist/extension.js
[2020-08-06 03:37:17.775] [exthost] [info] ExtensionService#_doActivateExtension vscode.vscode-account {"startup":true,"extensionId":{"value":"vscode.vscode-account","_lower":"vscode.vscode-account"},"activationEvent":"*"}
[2020-08-06 03:37:17.775] [exthost] [info] ExtensionService#loadCommonJSModule file:///node_modules/code-server/lib/vscode/extensions/vscode-account/dist/extension.js
[2020-08-06 03:37:17.789] [exthost] [info] eager extensions activated
